
 ===== Using File: img_to_lines/sample_images/image0.jpg ===== 
begining kernel
kernel error: no error
Finishing kernel

=== CUDA TIMING (per image) ===
D2H copies        :    0.000 ms
color_filter      :    0.126 ms
erode (both)      :    0.021 ms
dilate (both)     :    0.013 ms
gaussian_blur     :    0.011 ms
sobel             :    0.047 ms
NMS               :    0.013 ms
bitwiseAND        :    0.009 ms
D2H copies        :    0.207 ms
-------------------------------
Total kernels     :    0.000 ms
Total time        :    0.207 ms
beginning jpegization
ending jpegization

 ===== Using File: img_to_lines/sample_images/image1.jpg ===== 
begining kernel
kernel error: no error
Finishing kernel

=== CUDA TIMING (per image) ===
D2H copies        :    0.000 ms
color_filter      :    0.122 ms
erode (both)      :    0.013 ms
dilate (both)     :    0.012 ms
gaussian_blur     :    0.010 ms
sobel             :    0.044 ms
NMS               :    0.011 ms
bitwiseAND        :    0.008 ms
D2H copies        :    0.190 ms
-------------------------------
Total kernels     :    0.000 ms
Total time        :    0.190 ms
beginning jpegization
ending jpegization

 ===== Using File: img_to_lines/sample_images/image2.jpg ===== 
begining kernel
kernel error: no error
Finishing kernel

=== CUDA TIMING (per image) ===
D2H copies        :    0.000 ms
color_filter      :    0.122 ms
erode (both)      :    0.013 ms
dilate (both)     :    0.012 ms
gaussian_blur     :    0.010 ms
sobel             :    0.042 ms
NMS               :    0.012 ms
bitwiseAND        :    0.008 ms
D2H copies        :    0.208 ms
-------------------------------
Total kernels     :    0.000 ms
Total time        :    0.208 ms
beginning jpegization
ending jpegization

 ===== Using File: img_to_lines/sample_images/image3.jpg ===== 
begining kernel
kernel error: no error
Finishing kernel

=== CUDA TIMING (per image) ===
D2H copies        :    0.000 ms
color_filter      :    0.123 ms
erode (both)      :    0.013 ms
dilate (both)     :    0.012 ms
gaussian_blur     :    0.010 ms
sobel             :    0.042 ms
NMS               :    0.012 ms
bitwiseAND        :    0.008 ms
D2H copies        :    0.203 ms
-------------------------------
Total kernels     :    0.000 ms
Total time        :    0.203 ms
beginning jpegization
ending jpegization

 ===== Using File: img_to_lines/sample_images/image4.jpg ===== 
begining kernel
kernel error: no error
Finishing kernel

=== CUDA TIMING (per image) ===
D2H copies        :    0.000 ms
color_filter      :    0.123 ms
erode (both)      :    0.013 ms
dilate (both)     :    0.012 ms
gaussian_blur     :    0.010 ms
sobel             :    0.045 ms
NMS               :    0.011 ms
bitwiseAND        :    0.007 ms
D2H copies        :    0.207 ms
-------------------------------
Total kernels     :    0.000 ms
Total time        :    0.207 ms
beginning jpegization
ending jpegization
