===== Python run 1 =====
Running Main
Found 5 images:
  - sample_images/image0.jpg
  - sample_images/image1.jpg
  - sample_images/image2.jpg
  - sample_images/image3.jpg
  - sample_images/image4.jpg

=== Processing image0 ===
Timing (avg over repeats):
  color_filter_ms   :    4.169 ms
  erode_ms          :    0.355 ms
  dilate_ms         :    0.361 ms
  bgr2gray_ms       :    0.247 ms
  gaussian_blur_ms  :    1.444 ms
  canny_ms          :    1.527 ms
  bitwiseAND_ms     :    0.513 ms
  total_ms          :    8.616 ms

=== Processing image1 ===
Timing (avg over repeats):
  color_filter_ms   :    1.364 ms
  erode_ms          :    0.185 ms
  dilate_ms         :    0.278 ms
  bgr2gray_ms       :    0.149 ms
  gaussian_blur_ms  :    0.280 ms
  canny_ms          :    1.081 ms
  bitwiseAND_ms     :    0.457 ms
  total_ms          :    3.793 ms

=== Processing image2 ===
Timing (avg over repeats):
  color_filter_ms   :    1.391 ms
  erode_ms          :    0.335 ms
  dilate_ms         :    0.468 ms
  bgr2gray_ms       :    0.528 ms
  gaussian_blur_ms  :    0.855 ms
  canny_ms          :    0.920 ms
  bitwiseAND_ms     :    0.383 ms
  total_ms          :    4.880 ms

=== Processing image3 ===
Timing (avg over repeats):
  color_filter_ms   :    1.225 ms
  erode_ms          :    0.314 ms
  dilate_ms         :    0.286 ms
  bgr2gray_ms       :    0.100 ms
  gaussian_blur_ms  :    0.253 ms
  canny_ms          :    0.967 ms
  bitwiseAND_ms     :    0.408 ms
  total_ms          :    3.553 ms

=== Processing image4 ===
Timing (avg over repeats):
  color_filter_ms   :    1.552 ms
  erode_ms          :    0.372 ms
  dilate_ms         :    0.310 ms
  bgr2gray_ms       :    0.204 ms
  gaussian_blur_ms  :    0.381 ms
  canny_ms          :    1.057 ms
  bitwiseAND_ms     :    0.399 ms
  total_ms          :    4.275 ms

==============================
 Average total time per image 
==============================
   5.023 ms (CPU, Python - OpenCV)

Done!
